semantic_debug:	 0 with: Object Boolean is not validated
semantic_debug:	 -1 with: Validating object: Boolean with native flag: 1
semantic_debug:	 0 with: Object Object is not validated and is my father
semantic_debug:	 -1 with: Validating object: Object with native flag: 1
semantic_debug:	 -1 with: List of methods with Name: Boolean
semantic_debug:	 -1 with: List of methods with Name: and
semantic_debug:	 -1 with: List of methods with Name: or
semantic_debug:	 0 with: Object Integer is not validated
semantic_debug:	 -1 with: Validating object: Integer with native flag: 1
semantic_debug:	 -1 with: List of methods with Name: Integer
semantic_debug:	 -1 with: List of methods with Name: inc
semantic_debug:	 -1 with: List of methods with Name: dec
semantic_debug:	 -1 with: List of methods with Name: add
semantic_debug:	 -1 with: List of methods with Name: sub
semantic_debug:	 -1 with: List of methods with Name: mul
semantic_debug:	 -1 with: List of methods with Name: div
semantic_debug:	 -1 with: List of methods with Name: dif
semantic_debug:	 -1 with: List of methods with Name: equal
semantic_debug:	 -1 with: List of methods with Name: lower
semantic_debug:	 -1 with: List of methods with Name: greater
semantic_debug:	 -1 with: List of methods with Name: toString
semantic_debug:	 0 with: Object String is not validated
semantic_debug:	 -1 with: Validating object: String with native flag: 1
semantic_debug:	 -1 with: List of methods with Name: String
semantic_debug:	 -1 with: List of methods with Name: add
semantic_debug:	 -1 with: List of methods with Name: toInteger
semantic_debug:	 0 with: Object list is not validated
semantic_debug:	 -1 with: Validating object: list with native flag: 1
semantic_debug:	 -1 with: List of methods with Name: list
semantic_debug:	 -1 with: List of methods with Name: get
semantic_debug:	 -1 with: List of methods with Name: length
semantic_debug:	 -1 with: List of methods with Name: add
semantic_debug:	 -1 with: List of methods with Name: addFirst
semantic_debug:	 -1 with: List of methods with Name: first
semantic_debug:	 -1 with: List of methods with Name: removeFirst
semantic_debug:	 -1 with: List of methods with Name: last
semantic_debug:	 -1 with: List of methods with Name: pop
semantic_debug:	 0 with: Object File is not validated
semantic_debug:	 -1 with: Validating object: File with native flag: 1
semantic_debug:	 -1 with: List of methods with Name: File
semantic_debug:	 -1 with: List of methods with Name: write
semantic_debug:	 -1 with: List of methods with Name: read
semantic_debug:	 0 with: Object Shell is not validated
semantic_debug:	 -1 with: Validating object: Shell with native flag: 1
semantic_debug:	 -1 with: List of methods with Name: Shell
semantic_debug:	 -1 with: List of methods with Name: stdout
semantic_debug:	 -1 with: List of methods with Name: stdin
semantic_debug:	 -1 with: List of methods with Name: stderr
semantic_debug:	 0 with: Object helloWorld is not validated
semantic_debug:	 -1 with: Validating object: helloWorld with native flag: 0
semantic_debug:	 -1 with: List of methods with Name: helloWorld
semantic_debug:	 -1 with: List of methods with Name: main
